action[{0, (}] = 1
action[{0, num}] = 5
action[{1, (}] = 6
action[{1, num}] = 10
action[{2, +}] = 11
action[{2, -}] = 12
action[{4, *}] = 13
action[{4, -}] = 14
action[{6, (}] = 6
action[{6, num}] = 10
action[{7, )}] = 16
action[{7, +}] = 17
action[{7, -}] = 18
action[{9, *}] = 19
action[{9, -}] = 20
action[{11, (}] = 1
action[{11, num}] = 5
action[{12, (}] = 1
action[{12, num}] = 5
action[{13, (}] = 1
action[{13, num}] = 5
action[{14, (}] = 1
action[{14, num}] = 5
action[{15, )}] = 25
action[{15, +}] = 17
action[{15, -}] = 18
action[{17, (}] = 6
action[{17, num}] = 10
action[{18, (}] = 6
action[{18, num}] = 10
action[{19, (}] = 6
action[{19, num}] = 10
action[{20, (}] = 6
action[{20, num}] = 10
action[{21, *}] = 13
action[{21, -}] = 14
action[{22, *}] = 13
action[{22, -}] = 14
action[{26, *}] = 19
action[{26, -}] = 20
action[{27, *}] = 19
action[{27, -}] = 20
